{"num_tests": 14, "num_failures": 1, "num_skipped": 0, "test_cases": [{"name": "test_check_values[15-Valid]", "result": "pass", "details": "", "time": 7.743}, {"name": "test_check_values[9-Not in range]", "result": "pass", "details": "", "time": 7.639}, {"name": "test_check_values[51-Not in range]", "result": "pass", "details": "", "time": 7.712}, {"name": "test_check_values[-1-Negative integer]", "result": "pass", "details": "", "time": 7.6}, {"name": "test_checkboxes", "result": "fail", "details": "checkbox_scroll_page = <pages.checkbox_scroll.CheckboxScroll object at 0x0000024BF41253A0>\n\n    @allure.title('Test of scrolling and selecting')\n    def test_checkboxes(checkbox_scroll_page):\n>       checkbox_scroll_page.mark_boxes()\n\ntests\\test_checkbox_scroll.py:7: \n_ _ _ _ _ _ _ _ _ _ _ _ _ _ _ _ _ _ _ _ _ _ _ _ _ _ _ _ _ _ _ _ _ _ _ _ _ _ _ _ _ _ _ _ _ _ _ _ _ _ _ _ _ _ _ _ _ _ _ _ _ _ _ _ _ _ _ _ _ _ _ _ _ _ _ _ _ _ _ _ _ _ _ _ _ _ _ _ _ _ _ _ _ _ _ _ _ _ _ _ _ _ _ _ _ _ _ _ _ _ _ _ _ _\npages\\checkbox_scroll.py:24: in mark_boxes\n    self.assert_equal(actual, expected)\n_ _ _ _ _ _ _ _ _ _ _ _ _ _ _ _ _ _ _ _ _ _ _ _ _ _ _ _ _ _ _ _ _ _ _ _ _ _ _ _ _ _ _ _ _ _ _ _ _ _ _ _ _ _ _ _ _ _ _ _ _ _ _ _ _ _ _ _ _ _ _ _ _ _ _ _ _ _ _ _ _ _ _ _ _ _ _ _ _ _ _ _ _ _ _ _ _ _ _ _ _ _ _ _ _ _ _ _ _ _ _ _ _ _\n\nactual = None, expected = 1\n\n    @staticmethod\n    def assert_equal(actual, expected):\n>       assert actual == expected, AssertionsMessages.ASSERT_EQUAL.format(expected, actual)\nE       AssertionError: Expected 1, but actual None\n\nsupport\\assertions.py:7: AssertionError", "time": 13.232}, {"name": "test_drag_and_drop", "result": "pass", "details": "", "time": 11.084}, {"name": "test_droplist", "result": "pass", "details": "", "time": 8.324}, {"name": "test_select_item", "result": "pass", "details": "", "time": 8.471}, {"name": "test_successful_login", "result": "pass", "details": "", "time": 8.176}, {"name": "test_invalid_creds[correct_username-incorrect_password]", "result": "pass", "details": "", "time": 9.027}, {"name": "test_invalid_creds[incorrect_username-correct_password]", "result": "pass", "details": "", "time": 8.009}, {"name": "test_invalid_creds[incorrect_username-incorrect_password]", "result": "pass", "details": "", "time": 11.869}, {"name": "test_add_note", "result": "pass", "details": "", "time": 8.075}, {"name": "test_remove_note", "result": "pass", "details": "", "time": 8.248}], "total_time": 178.638}