{"name": "Test of scrolling and selecting", "status": "failed", "statusDetails": {"message": "AssertionError: Expected 1, but actual None", "trace": "checkbox_scroll_page = <pages.checkbox_scroll.CheckboxScroll object at 0x0000024BF41253A0>\n\n    @allure.title('Test of scrolling and selecting')\n    def test_checkboxes(checkbox_scroll_page):\n>       checkbox_scroll_page.mark_boxes()\n\ntests\\test_checkbox_scroll.py:7: \n_ _ _ _ _ _ _ _ _ _ _ _ _ _ _ _ _ _ _ _ _ _ _ _ _ _ _ _ _ _ _ _ _ _ _ _ _ _ _ _ _ _ _ _ _ _ _ _ _ _ _ _ _ _ _ _ _ _ _ _ _ _ _ _ _ _ _ _ _ _ _ _ _ _ _ _ _ _ _ _ _ _ _ _ _ _ _ _ _ _ _ _ _ _ _ _ _ _ _ _ _ _ _ _ _ _ _ _ _ _ _ _ _ _\npages\\checkbox_scroll.py:24: in mark_boxes\n    self.assert_equal(actual, expected)\n_ _ _ _ _ _ _ _ _ _ _ _ _ _ _ _ _ _ _ _ _ _ _ _ _ _ _ _ _ _ _ _ _ _ _ _ _ _ _ _ _ _ _ _ _ _ _ _ _ _ _ _ _ _ _ _ _ _ _ _ _ _ _ _ _ _ _ _ _ _ _ _ _ _ _ _ _ _ _ _ _ _ _ _ _ _ _ _ _ _ _ _ _ _ _ _ _ _ _ _ _ _ _ _ _ _ _ _ _ _ _ _ _ _\n\nactual = None, expected = 1\n\n    @staticmethod\n    def assert_equal(actual, expected):\n>       assert actual == expected, AssertionsMessages.ASSERT_EQUAL.format(expected, actual)\nE       AssertionError: Expected 1, but actual None\n\nsupport\\assertions.py:7: AssertionError"}, "steps": [{"name": "Selecting checkbox", "status": "failed", "statusDetails": {"message": "AssertionError: Expected 1, but actual None\n", "trace": "  File \"C:\\Users\\ilyev\\PycharmProjects\\ui-testing\\venv\\Lib\\site-packages\\allure_commons\\_allure.py\", line 192, in impl\n    return func(*a, **kw)\n           ^^^^^^^^^^^^^^\n  File \"C:\\Users\\ilyev\\PycharmProjects\\ui-testing\\pages\\checkbox_scroll.py\", line 24, in mark_boxes\n    self.assert_equal(actual, expected)\n  File \"C:\\Users\\ilyev\\PycharmProjects\\ui-testing\\support\\assertions.py\", line 7, in assert_equal\n    assert actual == expected, AssertionsMessages.ASSERT_EQUAL.format(expected, actual)\n"}, "steps": [{"name": "Scrolling to checkbox", "status": "passed", "start": 1708181652668, "stop": 1708181652998}, {"name": "Selecting checkbox", "status": "passed", "start": 1708181652998, "stop": 1708181653143}, {"name": "Checking counter of selected checkboxes", "status": "failed", "statusDetails": {"message": "AssertionError: Expected 1, but actual None\n", "trace": "  File \"C:\\Users\\ilyev\\PycharmProjects\\ui-testing\\pages\\checkbox_scroll.py\", line 24, in mark_boxes\n    self.assert_equal(actual, expected)\n  File \"C:\\Users\\ilyev\\PycharmProjects\\ui-testing\\support\\assertions.py\", line 7, in assert_equal\n    assert actual == expected, AssertionsMessages.ASSERT_EQUAL.format(expected, actual)\n"}, "start": 1708181653143, "stop": 1708181658292}], "start": 1708181652668, "stop": 1708181658293}], "attachments": [{"name": "log", "source": "0e645aae-2ce9-47f4-8b16-19e26a66fafd-attachment.txt", "type": "text/plain"}], "start": 1708181652667, "stop": 1708181658295, "uuid": "f989bc97-1956-48a2-aba2-b9ae8f94c6db", "historyId": "423fb8ce13fb2d7c423b4332c0bea215", "testCaseId": "423fb8ce13fb2d7c423b4332c0bea215", "fullName": "tests.test_checkbox_scroll#test_checkboxes", "labels": [{"name": "parentSuite", "value": "tests"}, {"name": "suite", "value": "test_checkbox_scroll"}, {"name": "host", "value": "DESKTOP-EU8NHV5"}, {"name": "thread", "value": "9132-MainThread"}, {"name": "framework", "value": "pytest"}, {"name": "language", "value": "cpython3"}, {"name": "package", "value": "tests.test_checkbox_scroll"}]}