{"name": "test_checkboxes", "status": "failed", "statusDetails": {"message": "AssertionError: Expected 1, but actual None", "trace": "checkbox_scroll_page = <pages.checkbox_scroll.CheckboxScroll object at 0x000001FC54AF1FD0>\n\n    def test_checkboxes(checkbox_scroll_page):\n>       checkbox_scroll_page.mark_boxes()\n\ntests\\test_checkbox_scroll.py:4: \n_ _ _ _ _ _ _ _ _ _ _ _ _ _ _ _ _ _ _ _ _ _ _ _ _ _ _ _ _ _ _ _ _ _ _ _ _ _ _ _ _ _ _ _ _ _ _ _ _ _ _ _ _ _ _ _ _ _ _ _ _ _ _ _ _ _ _ _ _ _ _ _ _ _ _ _ _ _ _ _ _ _ _ _ _ _ _ _ _ _ _ _ _ _ _ _ _ _ _ _ _ _ _ _ _ _ _ _ _ _ _ _ _ _\npages\\checkbox_scroll.py:19: in mark_boxes\n    self.assert_equal(actual, expected)\n_ _ _ _ _ _ _ _ _ _ _ _ _ _ _ _ _ _ _ _ _ _ _ _ _ _ _ _ _ _ _ _ _ _ _ _ _ _ _ _ _ _ _ _ _ _ _ _ _ _ _ _ _ _ _ _ _ _ _ _ _ _ _ _ _ _ _ _ _ _ _ _ _ _ _ _ _ _ _ _ _ _ _ _ _ _ _ _ _ _ _ _ _ _ _ _ _ _ _ _ _ _ _ _ _ _ _ _ _ _ _ _ _ _\n\nactual = None, expected = 1\n\n    @staticmethod\n    def assert_equal(actual, expected):\n>       assert actual == expected, AssertionsMessages.ASSERT_EQUAL.format(expected, actual)\nE       AssertionError: Expected 1, but actual None\n\nsupport\\assertions.py:7: AssertionError"}, "attachments": [{"name": "log", "source": "87ffb997-73fb-4d89-9a21-7eab0b8c69bb-attachment.txt", "type": "text/plain"}], "start": 1708179246103, "stop": 1708179251687, "uuid": "98aa56a4-6e34-498b-a1ce-a1cfac7af056", "historyId": "423fb8ce13fb2d7c423b4332c0bea215", "testCaseId": "423fb8ce13fb2d7c423b4332c0bea215", "fullName": "tests.test_checkbox_scroll#test_checkboxes", "labels": [{"name": "parentSuite", "value": "tests"}, {"name": "suite", "value": "test_checkbox_scroll"}, {"name": "host", "value": "DESKTOP-EU8NHV5"}, {"name": "thread", "value": "9776-MainThread"}, {"name": "framework", "value": "pytest"}, {"name": "language", "value": "cpython3"}, {"name": "package", "value": "tests.test_checkbox_scroll"}]}