{"name": "test_checkboxes", "status": "failed", "statusDetails": {"message": "AssertionError: Expected 1, but actual None", "trace": "checkbox_scroll_page = <pages.checkbox_scroll.CheckboxScroll object at 0x0000024A41E269C0>\n\n    def test_checkboxes(checkbox_scroll_page):\n>       checkbox_scroll_page.mark_boxes()\n\ntests\\test_checkbox_scroll.py:4: \n_ _ _ _ _ _ _ _ _ _ _ _ _ _ _ _ _ _ _ _ _ _ _ _ _ _ _ _ _ _ _ _ _ _ _ _ _ _ _ _ _ _ _ _ _ _ _ _ _ _ _ _ _ _ _ _ _ _ _ _ _ _ _ _ _ _ _ _ _ _ _ _ _ _ _ _ _ _ _ _ _ _ _ _ _ _ _ _ _ _ _ _ _ _ _ _ _ _ _ _ _ _ _ _ _ _ _ _ _ _ _ _ _ _\npages\\checkbox_scroll.py:19: in mark_boxes\n    self.assert_equal(actual, expected)\n_ _ _ _ _ _ _ _ _ _ _ _ _ _ _ _ _ _ _ _ _ _ _ _ _ _ _ _ _ _ _ _ _ _ _ _ _ _ _ _ _ _ _ _ _ _ _ _ _ _ _ _ _ _ _ _ _ _ _ _ _ _ _ _ _ _ _ _ _ _ _ _ _ _ _ _ _ _ _ _ _ _ _ _ _ _ _ _ _ _ _ _ _ _ _ _ _ _ _ _ _ _ _ _ _ _ _ _ _ _ _ _ _ _\n\nactual = None, expected = 1\n\n    @staticmethod\n    def assert_equal(actual, expected):\n>       assert actual == expected, AssertionsMessages.ASSERT_EQUAL.format(expected, actual)\nE       AssertionError: Expected 1, but actual None\n\nsupport\\assertions.py:7: AssertionError"}, "attachments": [{"name": "log", "source": "12a3e3d0-7d11-44e2-a979-da7ab429c237-attachment.txt", "type": "text/plain"}], "start": 1708103364845, "stop": 1708103370479, "uuid": "de45530a-2256-43c0-96d2-ab7e4ba5268f", "historyId": "423fb8ce13fb2d7c423b4332c0bea215", "testCaseId": "423fb8ce13fb2d7c423b4332c0bea215", "fullName": "tests.test_checkbox_scroll#test_checkboxes", "labels": [{"name": "parentSuite", "value": "tests"}, {"name": "suite", "value": "test_checkbox_scroll"}, {"name": "host", "value": "DESKTOP-EU8NHV5"}, {"name": "thread", "value": "8996-MainThread"}, {"name": "framework", "value": "pytest"}, {"name": "language", "value": "cpython3"}, {"name": "package", "value": "tests.test_checkbox_scroll"}]}